{"C:\\Users\\wahaj\\OneDrive\\Desktop\\My Microverse\\Modules\\Module 2\\Week 2\\Day 2\\To do List\\To-do-list\\src\\modules\\clearCompletedTasks.js": {"path":"C:\\Users\\wahaj\\OneDrive\\Desktop\\My Microverse\\Modules\\Module 2\\Week 2\\Day 2\\To do List\\To-do-list\\src\\modules\\clearCompletedTasks.js","statementMap":{"0":{"start":{"line":3,"column":28},"end":{"line":6,"column":1}},"1":{"start":{"line":4,"column":2},"end":{"line":4,"column":24}},"2":{"start":{"line":5,"column":2},"end":{"line":5,"column":17}}},"fnMap":{"0":{"name":"(anonymous_0)","decl":{"start":{"line":3,"column":28},"end":{"line":3,"column":29}},"loc":{"start":{"line":3,"column":34},"end":{"line":6,"column":1}},"line":3}},"branchMap":{},"s":{"0":1,"1":1,"2":1},"f":{"0":1},"b":{},"_coverageSchema":"1a1c01bbd47fc00a2c39e90264f33305004495a9","hash":"cc8ec0ceef46da293d911842fe26b949d0f05d5c"}
,"C:\\Users\\wahaj\\OneDrive\\Desktop\\My Microverse\\Modules\\Module 2\\Week 2\\Day 2\\To do List\\To-do-list\\src\\modules\\deltask.js": {"path":"C:\\Users\\wahaj\\OneDrive\\Desktop\\My Microverse\\Modules\\Module 2\\Week 2\\Day 2\\To do List\\To-do-list\\src\\modules\\deltask.js","statementMap":{"0":{"start":{"line":3,"column":16},"end":{"line":7,"column":1}},"1":{"start":{"line":4,"column":2},"end":{"line":4,"column":25}},"2":{"start":{"line":5,"column":2},"end":{"line":5,"column":18}},"3":{"start":{"line":6,"column":2},"end":{"line":6,"column":17}}},"fnMap":{"0":{"name":"(anonymous_0)","decl":{"start":{"line":3,"column":16},"end":{"line":3,"column":17}},"loc":{"start":{"line":3,"column":27},"end":{"line":7,"column":1}},"line":3}},"branchMap":{},"s":{"0":1,"1":1,"2":1,"3":1},"f":{"0":1},"b":{},"_coverageSchema":"1a1c01bbd47fc00a2c39e90264f33305004495a9","hash":"a86836ff723a56e2f87e911ee16b1ce20aa05b1e"}
,"C:\\Users\\wahaj\\OneDrive\\Desktop\\My Microverse\\Modules\\Module 2\\Week 2\\Day 2\\To do List\\To-do-list\\src\\modules\\displaytasks.js": {"path":"C:\\Users\\wahaj\\OneDrive\\Desktop\\My Microverse\\Modules\\Module 2\\Week 2\\Day 2\\To do List\\To-do-list\\src\\modules\\displaytasks.js","statementMap":{"0":{"start":{"line":3,"column":13},"end":{"line":3,"column":27}},"1":{"start":{"line":10,"column":21},"end":{"line":72,"column":1}},"2":{"start":{"line":11,"column":22},"end":{"line":11,"column":54}},"3":{"start":{"line":12,"column":2},"end":{"line":12,"column":32}},"4":{"start":{"line":13,"column":2},"end":{"line":71,"column":3}},"5":{"start":{"line":14,"column":4},"end":{"line":14,"column":40}},"6":{"start":{"line":15,"column":26},"end":{"line":15,"column":54}},"7":{"start":{"line":16,"column":4},"end":{"line":16,"column":37}},"8":{"start":{"line":17,"column":4},"end":{"line":17,"column":43}},"9":{"start":{"line":18,"column":4},"end":{"line":58,"column":7}},"10":{"start":{"line":19,"column":19},"end":{"line":19,"column":47}},"11":{"start":{"line":20,"column":6},"end":{"line":20,"column":35}},"12":{"start":{"line":22,"column":31},"end":{"line":22,"column":60}},"13":{"start":{"line":23,"column":6},"end":{"line":23,"column":46}},"14":{"start":{"line":24,"column":23},"end":{"line":24,"column":54}},"15":{"start":{"line":25,"column":6},"end":{"line":25,"column":33}},"16":{"start":{"line":26,"column":6},"end":{"line":26,"column":31}},"17":{"start":{"line":27,"column":6},"end":{"line":29,"column":7}},"18":{"start":{"line":28,"column":8},"end":{"line":28,"column":37}},"19":{"start":{"line":31,"column":6},"end":{"line":33,"column":8}},"20":{"start":{"line":32,"column":8},"end":{"line":32,"column":54}},"21":{"start":{"line":34,"column":6},"end":{"line":34,"column":45}},"22":{"start":{"line":36,"column":22},"end":{"line":36,"column":49}},"23":{"start":{"line":37,"column":6},"end":{"line":37,"column":31}},"24":{"start":{"line":38,"column":6},"end":{"line":38,"column":42}},"25":{"start":{"line":39,"column":6},"end":{"line":39,"column":44}},"26":{"start":{"line":40,"column":6},"end":{"line":40,"column":41}},"27":{"start":{"line":42,"column":6},"end":{"line":46,"column":9}},"28":{"start":{"line":43,"column":8},"end":{"line":45,"column":9}},"29":{"start":{"line":44,"column":10},"end":{"line":44,"column":42}},"30":{"start":{"line":48,"column":25},"end":{"line":48,"column":52}},"31":{"start":{"line":49,"column":6},"end":{"line":49,"column":49}},"32":{"start":{"line":50,"column":6},"end":{"line":50,"column":30}},"33":{"start":{"line":51,"column":6},"end":{"line":51,"column":35}},"34":{"start":{"line":53,"column":6},"end":{"line":55,"column":8}},"35":{"start":{"line":54,"column":8},"end":{"line":54,"column":41}},"36":{"start":{"line":56,"column":6},"end":{"line":56,"column":33}},"37":{"start":{"line":57,"column":6},"end":{"line":57,"column":18}},"38":{"start":{"line":59,"column":4},"end":{"line":69,"column":7}},"39":{"start":{"line":60,"column":6},"end":{"line":68,"column":7}},"40":{"start":{"line":61,"column":8},"end":{"line":67,"column":9}},"41":{"start":{"line":62,"column":10},"end":{"line":62,"column":25}},"42":{"start":{"line":65,"column":10},"end":{"line":65,"column":43}},"43":{"start":{"line":70,"column":4},"end":{"line":70,"column":43}}},"fnMap":{"0":{"name":"(anonymous_0)","decl":{"start":{"line":10,"column":21},"end":{"line":10,"column":22}},"loc":{"start":{"line":10,"column":27},"end":{"line":72,"column":1}},"line":10},"1":{"name":"(anonymous_1)","decl":{"start":{"line":18,"column":22},"end":{"line":18,"column":23}},"loc":{"start":{"line":18,"column":29},"end":{"line":58,"column":5}},"line":18},"2":{"name":"(anonymous_2)","decl":{"start":{"line":31,"column":25},"end":{"line":31,"column":26}},"loc":{"start":{"line":31,"column":32},"end":{"line":33,"column":7}},"line":31},"3":{"name":"(anonymous_3)","decl":{"start":{"line":42,"column":40},"end":{"line":42,"column":41}},"loc":{"start":{"line":42,"column":47},"end":{"line":46,"column":7}},"line":42},"4":{"name":"(anonymous_4)","decl":{"start":{"line":53,"column":21},"end":{"line":53,"column":22}},"loc":{"start":{"line":53,"column":27},"end":{"line":55,"column":7}},"line":53},"5":{"name":"(anonymous_5)","decl":{"start":{"line":59,"column":58},"end":{"line":59,"column":59}},"loc":{"start":{"line":59,"column":65},"end":{"line":69,"column":5}},"line":59}},"branchMap":{"0":{"loc":{"start":{"line":13,"column":2},"end":{"line":71,"column":3}},"type":"if","locations":[{"start":{"line":13,"column":2},"end":{"line":71,"column":3}},{"start":{},"end":{}}],"line":13},"1":{"loc":{"start":{"line":27,"column":6},"end":{"line":29,"column":7}},"type":"if","locations":[{"start":{"line":27,"column":6},"end":{"line":29,"column":7}},{"start":{},"end":{}}],"line":27},"2":{"loc":{"start":{"line":43,"column":8},"end":{"line":45,"column":9}},"type":"if","locations":[{"start":{"line":43,"column":8},"end":{"line":45,"column":9}},{"start":{},"end":{}}],"line":43},"3":{"loc":{"start":{"line":60,"column":6},"end":{"line":68,"column":7}},"type":"if","locations":[{"start":{"line":60,"column":6},"end":{"line":68,"column":7}},{"start":{},"end":{}}],"line":60},"4":{"loc":{"start":{"line":61,"column":8},"end":{"line":67,"column":9}},"type":"if","locations":[{"start":{"line":61,"column":8},"end":{"line":67,"column":9}},{"start":{"line":63,"column":15},"end":{"line":67,"column":9}}],"line":61}},"s":{"0":1,"1":1,"2":17,"3":17,"4":17,"5":16,"6":16,"7":16,"8":16,"9":16,"10":30,"11":30,"12":30,"13":30,"14":30,"15":30,"16":30,"17":30,"18":0,"19":30,"20":0,"21":30,"22":30,"23":30,"24":30,"25":30,"26":30,"27":30,"28":0,"29":0,"30":30,"31":30,"32":30,"33":30,"34":30,"35":0,"36":30,"37":30,"38":16,"39":0,"40":0,"41":0,"42":0,"43":16},"f":{"0":17,"1":30,"2":0,"3":0,"4":0,"5":0},"b":{"0":[16,1],"1":[0,30],"2":[0,0],"3":[0,0],"4":[0,0]},"_coverageSchema":"1a1c01bbd47fc00a2c39e90264f33305004495a9","hash":"258e49f21ebe88155e0e311e8e4e8b98efa6d586"}
,"C:\\Users\\wahaj\\OneDrive\\Desktop\\My Microverse\\Modules\\Module 2\\Week 2\\Day 2\\To do List\\To-do-list\\src\\modules\\listTask.js": {"path":"C:\\Users\\wahaj\\OneDrive\\Desktop\\My Microverse\\Modules\\Module 2\\Week 2\\Day 2\\To do List\\To-do-list\\src\\modules\\listTask.js","statementMap":{"0":{"start":{"line":2,"column":13},"end":{"line":2,"column":15}},"1":{"start":{"line":5,"column":17},"end":{"line":9,"column":5}},"2":{"start":{"line":10,"column":4},"end":{"line":10,"column":29}},"3":{"start":{"line":11,"column":4},"end":{"line":11,"column":20}},"4":{"start":{"line":15,"column":4},"end":{"line":15,"column":39}},"5":{"start":{"line":16,"column":4},"end":{"line":16,"column":23}},"6":{"start":{"line":17,"column":4},"end":{"line":17,"column":20}},"7":{"start":{"line":21,"column":4},"end":{"line":24,"column":7}},"8":{"start":{"line":22,"column":6},"end":{"line":22,"column":45}},"9":{"start":{"line":23,"column":6},"end":{"line":23,"column":15}},"10":{"start":{"line":28,"column":18},"end":{"line":28,"column":47}},"11":{"start":{"line":29,"column":4},"end":{"line":29,"column":41}},"12":{"start":{"line":33,"column":4},"end":{"line":33,"column":62}},"13":{"start":{"line":37,"column":4},"end":{"line":37,"column":48}},"14":{"start":{"line":38,"column":4},"end":{"line":38,"column":20}},"15":{"start":{"line":42,"column":4},"end":{"line":42,"column":65}},"16":{"start":{"line":43,"column":4},"end":{"line":43,"column":20}},"17":{"start":{"line":47,"column":4},"end":{"line":47,"column":62}},"18":{"start":{"line":51,"column":4},"end":{"line":51,"column":71}},"19":{"start":{"line":51,"column":48},"end":{"line":51,"column":69}},"20":{"start":{"line":52,"column":4},"end":{"line":52,"column":23}},"21":{"start":{"line":53,"column":4},"end":{"line":53,"column":20}}},"fnMap":{"0":{"name":"(anonymous_0)","decl":{"start":{"line":4,"column":2},"end":{"line":4,"column":3}},"loc":{"start":{"line":4,"column":23},"end":{"line":12,"column":3}},"line":4},"1":{"name":"(anonymous_1)","decl":{"start":{"line":14,"column":2},"end":{"line":14,"column":3}},"loc":{"start":{"line":14,"column":20},"end":{"line":18,"column":3}},"line":14},"2":{"name":"(anonymous_2)","decl":{"start":{"line":20,"column":2},"end":{"line":20,"column":3}},"loc":{"start":{"line":20,"column":16},"end":{"line":25,"column":3}},"line":20},"3":{"name":"(anonymous_3)","decl":{"start":{"line":21,"column":22},"end":{"line":21,"column":23}},"loc":{"start":{"line":21,"column":29},"end":{"line":24,"column":5}},"line":21},"4":{"name":"(anonymous_4)","decl":{"start":{"line":27,"column":2},"end":{"line":27,"column":3}},"loc":{"start":{"line":27,"column":13},"end":{"line":30,"column":3}},"line":27},"5":{"name":"(anonymous_5)","decl":{"start":{"line":32,"column":2},"end":{"line":32,"column":3}},"loc":{"start":{"line":32,"column":19},"end":{"line":34,"column":3}},"line":32},"6":{"name":"(anonymous_6)","decl":{"start":{"line":36,"column":2},"end":{"line":36,"column":3}},"loc":{"start":{"line":36,"column":31},"end":{"line":39,"column":3}},"line":36},"7":{"name":"(anonymous_7)","decl":{"start":{"line":41,"column":2},"end":{"line":41,"column":3}},"loc":{"start":{"line":41,"column":29},"end":{"line":44,"column":3}},"line":41},"8":{"name":"(anonymous_8)","decl":{"start":{"line":46,"column":2},"end":{"line":46,"column":3}},"loc":{"start":{"line":46,"column":19},"end":{"line":48,"column":3}},"line":46},"9":{"name":"(anonymous_9)","decl":{"start":{"line":50,"column":2},"end":{"line":50,"column":3}},"loc":{"start":{"line":50,"column":19},"end":{"line":54,"column":3}},"line":50},"10":{"name":"(anonymous_10)","decl":{"start":{"line":51,"column":41},"end":{"line":51,"column":42}},"loc":{"start":{"line":51,"column":48},"end":{"line":51,"column":69}},"line":51}},"branchMap":{},"s":{"0":1,"1":15,"2":15,"3":15,"4":1,"5":1,"6":1,"7":2,"8":2,"9":2,"10":21,"11":21,"12":0,"13":2,"14":2,"15":1,"16":1,"17":0,"18":1,"19":3,"20":1,"21":1},"f":{"0":15,"1":1,"2":2,"3":2,"4":21,"5":0,"6":2,"7":1,"8":0,"9":1,"10":3},"b":{},"_coverageSchema":"1a1c01bbd47fc00a2c39e90264f33305004495a9","hash":"4cf16b33b8554ea132e00e880aafbf64465a0427"}
,"C:\\Users\\wahaj\\OneDrive\\Desktop\\My Microverse\\Modules\\Module 2\\Week 2\\Day 2\\To do List\\To-do-list\\src\\modules\\newtask.js": {"path":"C:\\Users\\wahaj\\OneDrive\\Desktop\\My Microverse\\Modules\\Module 2\\Week 2\\Day 2\\To do List\\To-do-list\\src\\modules\\newtask.js","statementMap":{"0":{"start":{"line":3,"column":22},"end":{"line":11,"column":1}},"1":{"start":{"line":4,"column":18},"end":{"line":4,"column":54}},"2":{"start":{"line":5,"column":22},"end":{"line":5,"column":35}},"3":{"start":{"line":6,"column":2},"end":{"line":10,"column":3}},"4":{"start":{"line":7,"column":4},"end":{"line":7,"column":30}},"5":{"start":{"line":8,"column":4},"end":{"line":8,"column":19}},"6":{"start":{"line":9,"column":4},"end":{"line":9,"column":23}}},"fnMap":{"0":{"name":"(anonymous_0)","decl":{"start":{"line":3,"column":22},"end":{"line":3,"column":23}},"loc":{"start":{"line":3,"column":28},"end":{"line":11,"column":1}},"line":3}},"branchMap":{"0":{"loc":{"start":{"line":6,"column":2},"end":{"line":10,"column":3}},"type":"if","locations":[{"start":{"line":6,"column":2},"end":{"line":10,"column":3}},{"start":{},"end":{}}],"line":6}},"s":{"0":1,"1":15,"2":15,"3":15,"4":15,"5":15,"6":15},"f":{"0":15},"b":{"0":[15,0]},"_coverageSchema":"1a1c01bbd47fc00a2c39e90264f33305004495a9","hash":"eccdbc637b0e4966748a66f9f4157a86e772abf3"}
,"C:\\Users\\wahaj\\OneDrive\\Desktop\\My Microverse\\Modules\\Module 2\\Week 2\\Day 2\\To do List\\To-do-list\\test\\mocks\\mockDocument.js": {"path":"C:\\Users\\wahaj\\OneDrive\\Desktop\\My Microverse\\Modules\\Module 2\\Week 2\\Day 2\\To do List\\To-do-list\\test\\mocks\\mockDocument.js","statementMap":{"0":{"start":{"line":1,"column":27},"end":{"line":8,"column":1}},"1":{"start":{"line":2,"column":2},"end":{"line":7,"column":8}}},"fnMap":{"0":{"name":"(anonymous_0)","decl":{"start":{"line":1,"column":27},"end":{"line":1,"column":28}},"loc":{"start":{"line":1,"column":38},"end":{"line":8,"column":1}},"line":1}},"branchMap":{},"s":{"0":2,"1":8},"f":{"0":8},"b":{},"_coverageSchema":"1a1c01bbd47fc00a2c39e90264f33305004495a9","hash":"fb5cd2dbe0841786bcaa73e8200c81bf33eeab08"}
}
