TN:
SF:src\modules\clearCompletedTasks.js
FN:3,(anonymous_0)
FNF:1
FNH:1
FNDA:1,(anonymous_0)
DA:3,1
DA:4,1
DA:5,1
LF:3
LH:3
BRF:0
BRH:0
end_of_record
TN:
SF:src\modules\deltask.js
FN:3,(anonymous_0)
FNF:1
FNH:1
FNDA:1,(anonymous_0)
DA:3,1
DA:4,1
DA:5,1
DA:6,1
LF:4
LH:4
BRF:0
BRH:0
end_of_record
TN:
SF:src\modules\displaytasks.js
FN:10,(anonymous_0)
FN:18,(anonymous_1)
FN:31,(anonymous_2)
FN:42,(anonymous_3)
FN:53,(anonymous_4)
FN:59,(anonymous_5)
FNF:6
FNH:2
FNDA:17,(anonymous_0)
FNDA:30,(anonymous_1)
FNDA:0,(anonymous_2)
FNDA:0,(anonymous_3)
FNDA:0,(anonymous_4)
FNDA:0,(anonymous_5)
DA:3,1
DA:10,1
DA:11,17
DA:12,17
DA:13,17
DA:14,16
DA:15,16
DA:16,16
DA:17,16
DA:18,16
DA:19,30
DA:20,30
DA:22,30
DA:23,30
DA:24,30
DA:25,30
DA:26,30
DA:27,30
DA:28,0
DA:31,30
DA:32,0
DA:34,30
DA:36,30
DA:37,30
DA:38,30
DA:39,30
DA:40,30
DA:42,30
DA:43,0
DA:44,0
DA:48,30
DA:49,30
DA:50,30
DA:51,30
DA:53,30
DA:54,0
DA:56,30
DA:57,30
DA:59,16
DA:60,0
DA:61,0
DA:62,0
DA:65,0
DA:70,16
LF:44
LH:35
BRDA:13,0,0,16
BRDA:13,0,1,1
BRDA:27,1,0,0
BRDA:27,1,1,30
BRDA:43,2,0,0
BRDA:43,2,1,0
BRDA:60,3,0,0
BRDA:60,3,1,0
BRDA:61,4,0,0
BRDA:61,4,1,0
BRF:10
BRH:3
end_of_record
TN:
SF:src\modules\listTask.js
FN:4,(anonymous_0)
FN:14,(anonymous_1)
FN:20,(anonymous_2)
FN:21,(anonymous_3)
FN:27,(anonymous_4)
FN:32,(anonymous_5)
FN:36,(anonymous_6)
FN:41,(anonymous_7)
FN:46,(anonymous_8)
FN:50,(anonymous_9)
FN:51,(anonymous_10)
FNF:11
FNH:9
FNDA:15,(anonymous_0)
FNDA:1,(anonymous_1)
FNDA:2,(anonymous_2)
FNDA:2,(anonymous_3)
FNDA:21,(anonymous_4)
FNDA:0,(anonymous_5)
FNDA:2,(anonymous_6)
FNDA:1,(anonymous_7)
FNDA:0,(anonymous_8)
FNDA:1,(anonymous_9)
FNDA:3,(anonymous_10)
DA:2,1
DA:5,15
DA:10,15
DA:11,15
DA:15,1
DA:16,1
DA:17,1
DA:21,2
DA:22,2
DA:23,2
DA:28,21
DA:29,21
DA:33,0
DA:37,2
DA:38,2
DA:42,1
DA:43,1
DA:47,0
DA:51,3
DA:52,1
DA:53,1
LF:21
LH:19
BRF:0
BRH:0
end_of_record
TN:
SF:src\modules\newtask.js
FN:3,(anonymous_0)
FNF:1
FNH:1
FNDA:15,(anonymous_0)
DA:3,1
DA:4,15
DA:5,15
DA:6,15
DA:7,15
DA:8,15
DA:9,15
LF:7
LH:7
BRDA:6,0,0,15
BRDA:6,0,1,0
BRF:2
BRH:1
end_of_record
TN:
SF:test\mocks\mockDocument.js
FN:1,(anonymous_0)
FNF:1
FNH:1
FNDA:8,(anonymous_0)
DA:1,2
DA:2,8
LF:2
LH:2
BRF:0
BRH:0
end_of_record
